[2025-08-13T23:03:40.245Z] [HEALTH] Starting comprehensive health check...
[2025-08-13T23:03:59.892Z] [CRITICAL] 🚨 CRITICAL ISSUES DETECTED: 3
[2025-08-13T23:03:59.892Z] [CRITICAL]   - Too many uncommitted files: 98
[2025-08-13T23:03:59.892Z] [CRITICAL]   - No remote backup configured - work at risk!
[2025-08-13T23:03:59.892Z] [CRITICAL]   - Backup is overdue
[2025-08-13T23:03:59.893Z] [RECOVERY] Attempting auto-recovery...
[2025-08-13T23:03:59.893Z] [RECOVERY] Auto-committing uncommitted changes...
[2025-08-13T23:04:19.776Z] [RECOVERY] Auto-commit successful
[2025-08-13T23:04:19.777Z] [RECOVERY] Setting up remote backup...
[2025-08-13T23:04:19.779Z] [RECOVERY] Remote backup setup commands prepared:
[2025-08-13T23:04:19.779Z] [RECOVERY]   git remote add origin https://github.com/YOUR_USERNAME/YOUR_REPO_NAME.git
[2025-08-13T23:04:19.780Z] [RECOVERY]   git push -u origin master
[2025-08-13T23:04:19.781Z] [RECOVERY] Please run these commands manually to complete setup
[2025-08-13T23:04:27.075Z] [BACKUP] Creating backup: guardian-backup-2025-08-13T23-04-27-075Z.zip
[2025-08-13T23:04:27.316Z] [HEALTH] Starting comprehensive health check...
[2025-08-13T23:04:43.349Z] [CRITICAL] 🚨 CRITICAL ISSUES DETECTED: 3
[2025-08-13T23:04:43.350Z] [CRITICAL]   - Too many uncommitted files: 99
[2025-08-13T23:04:43.350Z] [CRITICAL]   - No remote backup configured - work at risk!
[2025-08-13T23:04:43.350Z] [CRITICAL]   - Backup is overdue
[2025-08-13T23:04:43.351Z] [RECOVERY] Attempting auto-recovery...
[2025-08-13T23:04:43.351Z] [RECOVERY] Auto-committing uncommitted changes...
[2025-08-13T23:05:02.464Z] [RECOVERY] Auto-commit successful
[2025-08-13T23:05:02.465Z] [RECOVERY] Setting up remote backup...
[2025-08-13T23:05:02.465Z] [RECOVERY] Remote backup setup commands prepared:
[2025-08-13T23:05:02.465Z] [RECOVERY]   git remote add origin https://github.com/YOUR_USERNAME/YOUR_REPO_NAME.git
[2025-08-13T23:05:02.466Z] [RECOVERY]   git push -u origin master
[2025-08-13T23:05:02.466Z] [RECOVERY] Please run these commands manually to complete setup
[2025-08-13T23:05:02.542Z] [BACKUP] Backup created successfully: C:\Users\Dontae-PC\my-app\.guardian-backups\guardian-backup-2025-08-13T23-04-27-075Z.zip
[2025-08-14T01:45:38.649Z] [HEALTH] Starting comprehensive health check...
[2025-08-14T01:45:52.714Z] [CRITICAL] 🚨 CRITICAL ISSUES DETECTED: 1
[2025-08-14T01:45:52.715Z] [CRITICAL]   - Too many uncommitted files: 119
[2025-08-14T01:45:52.715Z] [RECOVERY] Attempting auto-recovery...
[2025-08-14T01:45:52.715Z] [RECOVERY] Auto-committing uncommitted changes...
[2025-08-14T01:46:12.151Z] [RECOVERY] Auto-commit successful
[2025-08-14T02:04:13.968Z] [HEALTH] Starting comprehensive health check...
[2025-08-14T02:04:27.858Z] [CRITICAL] 🚨 CRITICAL ISSUES DETECTED: 1
[2025-08-14T02:04:27.858Z] [CRITICAL]   - Too many uncommitted files: 118
[2025-08-14T02:04:27.859Z] [RECOVERY] Attempting auto-recovery...
[2025-08-14T02:04:27.859Z] [RECOVERY] Auto-committing uncommitted changes...
[2025-08-14T02:04:45.105Z] [HEALTH] Starting comprehensive health check...
[2025-08-14T02:04:59.024Z] [CRITICAL] 🚨 CRITICAL ISSUES DETECTED: 1
[2025-08-14T02:04:59.024Z] [CRITICAL]   - Too many uncommitted files: 118
[2025-08-14T02:04:59.024Z] [RECOVERY] Attempting auto-recovery...
[2025-08-14T02:04:59.024Z] [RECOVERY] Auto-committing uncommitted changes...
[2025-08-14T02:05:16.401Z] [HEALTH] Starting comprehensive health check...
[2025-08-14T02:05:30.028Z] [CRITICAL] 🚨 CRITICAL ISSUES DETECTED: 1
[2025-08-14T02:05:30.029Z] [CRITICAL]   - Too many uncommitted files: 118
[2025-08-14T02:05:30.029Z] [RECOVERY] Attempting auto-recovery...
[2025-08-14T02:05:30.029Z] [RECOVERY] Auto-committing uncommitted changes...
[2025-08-14T02:05:47.210Z] [HEALTH] Starting comprehensive health check...
[2025-08-14T02:06:00.931Z] [CRITICAL] 🚨 CRITICAL ISSUES DETECTED: 1
[2025-08-14T02:06:00.931Z] [CRITICAL]   - Too many uncommitted files: 118
[2025-08-14T02:06:00.931Z] [RECOVERY] Attempting auto-recovery...
[2025-08-14T02:06:00.932Z] [RECOVERY] Auto-committing uncommitted changes...
[2025-08-14T02:06:18.288Z] [HEALTH] Starting comprehensive health check...
[2025-08-14T02:07:59.682Z] [HEALTH] Starting comprehensive health check...
[2025-08-14T02:08:13.255Z] [CRITICAL] 🚨 CRITICAL ISSUES DETECTED: 1
[2025-08-14T02:08:13.255Z] [CRITICAL]   - Too many uncommitted files: 118
[2025-08-14T02:08:13.255Z] [RECOVERY] Attempting auto-recovery...
[2025-08-14T02:08:13.256Z] [RECOVERY] Auto-committing uncommitted changes...
[2025-08-14T02:08:30.559Z] [HEALTH] Starting comprehensive health check...
[2025-08-14T02:08:44.128Z] [CRITICAL] 🚨 CRITICAL ISSUES DETECTED: 1
[2025-08-14T02:08:44.129Z] [CRITICAL]   - Too many uncommitted files: 118
[2025-08-14T02:08:44.129Z] [RECOVERY] Attempting auto-recovery...
[2025-08-14T02:08:44.129Z] [RECOVERY] Auto-committing uncommitted changes...
[2025-08-14T02:09:01.488Z] [HEALTH] Starting comprehensive health check...
[2025-08-14T02:09:15.230Z] [CRITICAL] 🚨 CRITICAL ISSUES DETECTED: 1
[2025-08-14T02:09:15.230Z] [CRITICAL]   - Too many uncommitted files: 118
[2025-08-14T02:09:15.230Z] [RECOVERY] Attempting auto-recovery...
[2025-08-14T02:09:15.231Z] [RECOVERY] Auto-committing uncommitted changes...
